<?xml version="1.0" encoding="UTF-8"?>
<testsuite name="com.detroitlabs.dynamiccalendar.model.qotdTest" tests="1" skipped="0" failures="0" errors="0" timestamp="2022-03-22T20:15:43" hostname="Collins-MBP.attlocal.net" time="0.033">
  <properties/>
  <testcase name="dateReformat()" classname="com.detroitlabs.dynamiccalendar.model.qotdTest" time="0.033"/>
  <system-out><![CDATA[]]></system-out>
  <system-err><![CDATA[]]></system-err>
</testsuite>
